<?xml version="1.0" encoding="UTF-8"?>
<!-- Generated by org.testng.reporters.JUnitXMLReporter -->
<testsuite ignored="0" hostname="QT-INBG-LT0329" failures="0" tests="3" name="Test" time="46.583" errors="0" timestamp="2022-08-02T12:04:58 IST">
  <testcase classname="Test.Mobile_Signin" name="launch" time="11.164"/>
  <testcase classname="Test.Mobileworld_orders" name="Order" time="30.653"/>
  <testcase classname="Test.Mobileworld_Contactus" name="contact" time="4.695"/>
</testsuite> <!-- Test -->
